<?xml version="1.0" encoding="UTF-8"?>
<!-- Generated by org.testng.reporters.JUnitReportReporter -->
<testsuite skipped="1" hostname="DESKTOP-HKCMOO2" name="com.w2a.testcase.LoginTest" tests="2" failures="0" timestamp="05 Jun 2019 10:33:39 GMT" time="47.085" errors="1">
  <testcase name="loginAsAdnin" time="0.000" classname="com.w2a.testcase.LoginTest">
    <skipped/>
  </testcase> <!-- loginAsAdnin -->
  <testcase name="setUp" time="47.085" classname="com.w2a.testcase.LoginTest">
    <error type="org.openqa.selenium.WebDriverException" message="Failed to connect to binary FirefoxBinary(C:\Program Files\Mozilla Firefox\firefox.exe) on port 7055; process output follows: 
&quot;syncGUID&quot;:&quot;{93e8a66e-cc5f-4d42-8750-f0f1c7903be7}&quot;,&quot;version&quot;:&quot;4.0.0&quot;,&quot;type&quot;:&quot;extension&quot;,&quot;loader&quot;:null,&quot;updateURL&quot;:null,&quot;optionsURL&quot;:null,&quot;optionsType&quot;:null,&quot;optionsBrowserStyle&quot;:true,&quot;aboutURL&quot;:null,&quot;defaultLocale&quot;:{&quot;name&quot;:&quot;Web Compat&quot;,&quot;description&quot;:&quot;Urgent post-release fixes for web compatibility.&quot;,&quot;creator&quot;:null,&quot;developers&quot;:null,&quot;translators&quot;:null,&quot;contributors&quot;:null},&quot;visible&quot;:true,&quot;active&quot;:true,&quot;userDisabled&quot;:false,&quot;appDisabled&quot;:false,&quot;installDate&quot;:1558050360154,&quot;updateDate&quot;:1558050360154,&quot;applyBackgroundUpdates&quot;:1,&quot;path&quot;:&quot;C:\\Program Files\\Mozilla Firefox\\browser\\features\\webcompat@mozilla.org.xpi&quot;,&quot;skinnable&quot;:false,&quot;sourceURI&quot;:null,&quot;releaseNotesURI&quot;:null,&quot;softDisabled&quot;:false,&quot;foreignInstall&quot;:false,&quot;strictCompatibility&quot;:true,&quot;locales&quot;:[],&quot;targetApplications&quot;:[{&quot;id&quot;:&quot;toolkit@mozilla.org&quot;,&quot;minVersion&quot;:&quot;59.0b5&quot;,&quot;maxVersion&quot;:null}],&quot;targetPlatforms&quot;:[],&quot;seen&quot;:true,&quot;dependencies&quot;:[],&quot;incognito&quot;:&quot;spanning&quot;,&quot;userPermissions&quot;:{&quot;permissions&quot;:[&quot;webRequest&quot;,&quot;webRequestBlocking&quot;],&quot;origins&quot;:[&quot;&lt;all_urls&gt;&quot;]},&quot;icons&quot;:{},&quot;iconURL&quot;:null,&quot;blocklistState&quot;:0,&quot;blocklistURL&quot;:null,&quot;startupData&quot;:null,&quot;hidden&quot;:true,&quot;installTelemetryInfo&quot;:null,&quot;rootURI&quot;:&quot;jar:file:///C:/Program%20Files/Mozilla%20Firefox/browser/features/webcompat@mozilla.org.xpi!/&quot;,&quot;location&quot;:&quot;app-system-defaults&quot;}
1559730776691	addons.xpi-utils	DEBUG	Updating add-on states
1559730776691	addons.xpi-utils	DEBUG	Error: Synchronously loading the add-ons database(resource://gre/modules/addons/XPIDatabase.jsm:1310:15) JS Stack trace: syncLoadDB@XPIDatabase.jsm:1310:15
startup@XPIProvider.jsm:2242:23
callProvider@AddonManager.jsm:204:31
_startProvider@AddonManager.jsm:655:5
startup@AddonManager.jsm:811:14
startup@AddonManager.jsm:2804:26
observe@addonManager.js:65:29
1559730776696	addons.xpi	DEBUG	Calling bootstrap method startup on formautofill@mozilla.org version 1.0
1559730776708	addons.xpi	DEBUG	Calling bootstrap method startup on fxmonitor@mozilla.org version 3.0
1559730776709	addons.xpi	DEBUG	Calling bootstrap method startup on screenshots@mozilla.org version 37.1.0
1559730776709	addons.xpi	DEBUG	Calling bootstrap method startup on webcompat@mozilla.org version 4.0.0
1559730776712	addons.manager	DEBUG	Registering shutdown blocker for XPIProvider
1559730776712	addons.manager	DEBUG	Provider finished startup: XPIProvider
1559730776712	addons.manager	DEBUG	Starting provider: LightweightThemeManager
1559730776712	addons.manager	DEBUG	Registering shutdown blocker for LightweightThemeManager
1559730776713	addons.manager	DEBUG	Provider finished startup: LightweightThemeManager
1559730776713	addons.manager	DEBUG	Starting provider: GMPProvider
1559730776715	addons.manager	DEBUG	Registering shutdown blocker for GMPProvider
1559730776715	addons.manager	DEBUG	Provider finished startup: GMPProvider
1559730776715	addons.manager	DEBUG	Starting provider: PluginProvider
1559730776715	addons.manager	DEBUG	Registering shutdown blocker for PluginProvider
1559730776715	addons.manager	DEBUG	Provider finished startup: PluginProvider
1559730776726	addons.manager	DEBUG	Completed startup sequence
1559730780018	addons.repository	DEBUG	No addons.json found.
1559730782808	addons.manager	DEBUG	Registering upgrade listener for formautofill@mozilla.org
1559730783158	addons.xpi	DEBUG	Ignoring file: name is not a valid add-on ID: C:\Users\tobi\AppData\Local\Temp\anonymous3988885722673773773webdriver-profile\extensions\webdriver-staging
1559730783159	addons.xpi	DEBUG	Existing add-on formautofill@mozilla.org in app-system-defaults
1559730783159	addons.xpi	DEBUG	Existing add-on fxmonitor@mozilla.org in app-system-defaults
1559730783159	addons.xpi	DEBUG	Existing add-on screenshots@mozilla.org in app-system-defaults
1559730783159	addons.xpi	DEBUG	Existing add-on webcompat-reporter@mozilla.org in app-system-defaults
1559730783159	addons.xpi	DEBUG	Existing add-on webcompat@mozilla.org in app-system-defaults
1559730783160	addons.xpi	DEBUG	scanForChanges changed: false, state: {}
JavaScript error: resource://gre/modules/addons/XPIProvider.jsm, line 2706: TypeError: addon is null

Build info: version: &#039;2.53.1&#039;, revision: &#039;a36b8b1cd5757287168e54b817830adce9b0158d&#039;, time: &#039;2016-06-30 19:26:09&#039;
System info: host: &#039;DESKTOP-HKCMOO2&#039;, ip: &#039;192.168.0.12&#039;, os.name: &#039;Windows 10&#039;, os.arch: &#039;amd64&#039;, os.version: &#039;10.0&#039;, java.version: &#039;1.8.0_151&#039;
Driver info: driver.version: FirefoxDriver">
      <![CDATA[org.openqa.selenium.WebDriverException: Failed to connect to binary FirefoxBinary(C:\Program Files\Mozilla Firefox\firefox.exe) on port 7055; process output follows: 
"syncGUID":"{93e8a66e-cc5f-4d42-8750-f0f1c7903be7}","version":"4.0.0","type":"extension","loader":null,"updateURL":null,"optionsURL":null,"optionsType":null,"optionsBrowserStyle":true,"aboutURL":null,"defaultLocale":{"name":"Web Compat","description":"Urgent post-release fixes for web compatibility.","creator":null,"developers":null,"translators":null,"contributors":null},"visible":true,"active":true,"userDisabled":false,"appDisabled":false,"installDate":1558050360154,"updateDate":1558050360154,"applyBackgroundUpdates":1,"path":"C:\\Program Files\\Mozilla Firefox\\browser\\features\\webcompat@mozilla.org.xpi","skinnable":false,"sourceURI":null,"releaseNotesURI":null,"softDisabled":false,"foreignInstall":false,"strictCompatibility":true,"locales":[],"targetApplications":[{"id":"toolkit@mozilla.org","minVersion":"59.0b5","maxVersion":null}],"targetPlatforms":[],"seen":true,"dependencies":[],"incognito":"spanning","userPermissions":{"permissions":["webRequest","webRequestBlocking"],"origins":["<all_urls>"]},"icons":{},"iconURL":null,"blocklistState":0,"blocklistURL":null,"startupData":null,"hidden":true,"installTelemetryInfo":null,"rootURI":"jar:file:///C:/Program%20Files/Mozilla%20Firefox/browser/features/webcompat@mozilla.org.xpi!/","location":"app-system-defaults"}
1559730776691addons.xpi-utilsDEBUGUpdating add-on states
1559730776691addons.xpi-utilsDEBUGError: Synchronously loading the add-ons database(resource://gre/modules/addons/XPIDatabase.jsm:1310:15) JS Stack trace: syncLoadDB@XPIDatabase.jsm:1310:15
startup@XPIProvider.jsm:2242:23
callProvider@AddonManager.jsm:204:31
_startProvider@AddonManager.jsm:655:5
startup@AddonManager.jsm:811:14
startup@AddonManager.jsm:2804:26
observe@addonManager.js:65:29
1559730776696addons.xpiDEBUGCalling bootstrap method startup on formautofill@mozilla.org version 1.0
1559730776708addons.xpiDEBUGCalling bootstrap method startup on fxmonitor@mozilla.org version 3.0
1559730776709addons.xpiDEBUGCalling bootstrap method startup on screenshots@mozilla.org version 37.1.0
1559730776709addons.xpiDEBUGCalling bootstrap method startup on webcompat@mozilla.org version 4.0.0
1559730776712addons.managerDEBUGRegistering shutdown blocker for XPIProvider
1559730776712addons.managerDEBUGProvider finished startup: XPIProvider
1559730776712addons.managerDEBUGStarting provider: LightweightThemeManager
1559730776712addons.managerDEBUGRegistering shutdown blocker for LightweightThemeManager
1559730776713addons.managerDEBUGProvider finished startup: LightweightThemeManager
1559730776713addons.managerDEBUGStarting provider: GMPProvider
1559730776715addons.managerDEBUGRegistering shutdown blocker for GMPProvider
1559730776715addons.managerDEBUGProvider finished startup: GMPProvider
1559730776715addons.managerDEBUGStarting provider: PluginProvider
1559730776715addons.managerDEBUGRegistering shutdown blocker for PluginProvider
1559730776715addons.managerDEBUGProvider finished startup: PluginProvider
1559730776726addons.managerDEBUGCompleted startup sequence
1559730780018addons.repositoryDEBUGNo addons.json found.
1559730782808addons.managerDEBUGRegistering upgrade listener for formautofill@mozilla.org
1559730783158addons.xpiDEBUGIgnoring file: name is not a valid add-on ID: C:\Users\tobi\AppData\Local\Temp\anonymous3988885722673773773webdriver-profile\extensions\webdriver-staging
1559730783159addons.xpiDEBUGExisting add-on formautofill@mozilla.org in app-system-defaults
1559730783159addons.xpiDEBUGExisting add-on fxmonitor@mozilla.org in app-system-defaults
1559730783159addons.xpiDEBUGExisting add-on screenshots@mozilla.org in app-system-defaults
1559730783159addons.xpiDEBUGExisting add-on webcompat-reporter@mozilla.org in app-system-defaults
1559730783159addons.xpiDEBUGExisting add-on webcompat@mozilla.org in app-system-defaults
1559730783160addons.xpiDEBUGscanForChanges changed: false, state: {}
JavaScript error: resource://gre/modules/addons/XPIProvider.jsm, line 2706: TypeError: addon is null

Build info: version: '2.53.1', revision: 'a36b8b1cd5757287168e54b817830adce9b0158d', time: '2016-06-30 19:26:09'
System info: host: 'DESKTOP-HKCMOO2', ip: '192.168.0.12', os.name: 'Windows 10', os.arch: 'amd64', os.version: '10.0', java.version: '1.8.0_151'
Driver info: driver.version: FirefoxDriver
at org.openqa.selenium.firefox.internal.NewProfileExtensionConnection.start(NewProfileExtensionConnection.java:125)
at org.openqa.selenium.firefox.FirefoxDriver.startClient(FirefoxDriver.java:271)
at org.openqa.selenium.remote.RemoteWebDriver.<init>(RemoteWebDriver.java:119)
at org.openqa.selenium.firefox.FirefoxDriver.<init>(FirefoxDriver.java:216)
at org.openqa.selenium.firefox.FirefoxDriver.<init>(FirefoxDriver.java:211)
at org.openqa.selenium.firefox.FirefoxDriver.<init>(FirefoxDriver.java:207)
at org.openqa.selenium.firefox.FirefoxDriver.<init>(FirefoxDriver.java:120)
at com.w2a.base.TestBase.setUp(TestBase.java:98)
at sun.reflect.NativeMethodAccessorImpl.invoke0(Native Method)
at sun.reflect.NativeMethodAccessorImpl.invoke(NativeMethodAccessorImpl.java:62)
at sun.reflect.DelegatingMethodAccessorImpl.invoke(DelegatingMethodAccessorImpl.java:43)
at java.lang.reflect.Method.invoke(Method.java:498)
at org.testng.internal.MethodInvocationHelper.invokeMethod(MethodInvocationHelper.java:124)
at org.testng.internal.MethodInvocationHelper.invokeMethodConsideringTimeout(MethodInvocationHelper.java:59)
at org.testng.internal.Invoker.invokeConfigurationMethod(Invoker.java:458)
at org.testng.internal.Invoker.invokeConfigurations(Invoker.java:222)
at org.testng.internal.Invoker.invokeConfigurations(Invoker.java:142)
at org.testng.SuiteRunner.privateRun(SuiteRunner.java:401)
at org.testng.SuiteRunner.run(SuiteRunner.java:364)
at org.testng.SuiteRunnerWorker.runSuite(SuiteRunnerWorker.java:52)
at org.testng.SuiteRunnerWorker.run(SuiteRunnerWorker.java:84)
at org.testng.TestNG.runSuitesSequentially(TestNG.java:1208)
at org.testng.TestNG.runSuitesLocally(TestNG.java:1137)
at org.testng.TestNG.runSuites(TestNG.java:1049)
at org.testng.TestNG.run(TestNG.java:1017)
at org.testng.remote.AbstractRemoteTestNG.run(AbstractRemoteTestNG.java:114)
at org.testng.remote.RemoteTestNG.initAndRun(RemoteTestNG.java:251)
at org.testng.remote.RemoteTestNG.main(RemoteTestNG.java:77)
Caused by: org.openqa.selenium.firefox.NotConnectedException: Unable to connect to host 127.0.0.1 on port 7055 after 45000 ms. Firefox console output:
"syncGUID":"{93e8a66e-cc5f-4d42-8750-f0f1c7903be7}","version":"4.0.0","type":"extension","loader":null,"updateURL":null,"optionsURL":null,"optionsType":null,"optionsBrowserStyle":true,"aboutURL":null,"defaultLocale":{"name":"Web Compat","description":"Urgent post-release fixes for web compatibility.","creator":null,"developers":null,"translators":null,"contributors":null},"visible":true,"active":true,"userDisabled":false,"appDisabled":false,"installDate":1558050360154,"updateDate":1558050360154,"applyBackgroundUpdates":1,"path":"C:\\Program Files\\Mozilla Firefox\\browser\\features\\webcompat@mozilla.org.xpi","skinnable":false,"sourceURI":null,"releaseNotesURI":null,"softDisabled":false,"foreignInstall":false,"strictCompatibility":true,"locales":[],"targetApplications":[{"id":"toolkit@mozilla.org","minVersion":"59.0b5","maxVersion":null}],"targetPlatforms":[],"seen":true,"dependencies":[],"incognito":"spanning","userPermissions":{"permissions":["webRequest","webRequestBlocking"],"origins":["<all_urls>"]},"icons":{},"iconURL":null,"blocklistState":0,"blocklistURL":null,"startupData":null,"hidden":true,"installTelemetryInfo":null,"rootURI":"jar:file:///C:/Program%20Files/Mozilla%20Firefox/browser/features/webcompat@mozilla.org.xpi!/","location":"app-system-defaults"}
1559730776691addons.xpi-utilsDEBUGUpdating add-on states
1559730776691addons.xpi-utilsDEBUGError: Synchronously loading the add-ons database(resource://gre/modules/addons/XPIDatabase.jsm:1310:15) JS Stack trace: syncLoadDB@XPIDatabase.jsm:1310:15
startup@XPIProvider.jsm:2242:23
callProvider@AddonManager.jsm:204:31
_startProvider@AddonManager.jsm:655:5
startup@AddonManager.jsm:811:14
startup@AddonManager.jsm:2804:26
observe@addonManager.js:65:29
1559730776696addons.xpiDEBUGCalling bootstrap method startup on formautofill@mozilla.org version 1.0
1559730776708addons.xpiDEBUGCalling bootstrap method startup on fxmonitor@mozilla.org version 3.0
1559730776709addons.xpiDEBUGCalling bootstrap method startup on screenshots@mozilla.org version 37.1.0
1559730776709addons.xpiDEBUGCalling bootstrap method startup on webcompat@mozilla.org version 4.0.0
1559730776712addons.managerDEBUGRegistering shutdown blocker for XPIProvider
1559730776712addons.managerDEBUGProvider finished startup: XPIProvider
1559730776712addons.managerDEBUGStarting provider: LightweightThemeManager
1559730776712addons.managerDEBUGRegistering shutdown blocker for LightweightThemeManager
1559730776713addons.managerDEBUGProvider finished startup: LightweightThemeManager
1559730776713addons.managerDEBUGStarting provider: GMPProvider
1559730776715addons.managerDEBUGRegistering shutdown blocker for GMPProvider
1559730776715addons.managerDEBUGProvider finished startup: GMPProvider
1559730776715addons.managerDEBUGStarting provider: PluginProvider
1559730776715addons.managerDEBUGRegistering shutdown blocker for PluginProvider
1559730776715addons.managerDEBUGProvider finished startup: PluginProvider
1559730776726addons.managerDEBUGCompleted startup sequence
1559730780018addons.repositoryDEBUGNo addons.json found.
1559730782808addons.managerDEBUGRegistering upgrade listener for formautofill@mozilla.org
1559730783158addons.xpiDEBUGIgnoring file: name is not a valid add-on ID: C:\Users\tobi\AppData\Local\Temp\anonymous3988885722673773773webdriver-profile\extensions\webdriver-staging
1559730783159addons.xpiDEBUGExisting add-on formautofill@mozilla.org in app-system-defaults
1559730783159addons.xpiDEBUGExisting add-on fxmonitor@mozilla.org in app-system-defaults
1559730783159addons.xpiDEBUGExisting add-on screenshots@mozilla.org in app-system-defaults
1559730783159addons.xpiDEBUGExisting add-on webcompat-reporter@mozilla.org in app-system-defaults
1559730783159addons.xpiDEBUGExisting add-on webcompat@mozilla.org in app-system-defaults
1559730783160addons.xpiDEBUGscanForChanges changed: false, state: {}
JavaScript error: resource://gre/modules/addons/XPIProvider.jsm, line 2706: TypeError: addon is null

at org.openqa.selenium.firefox.internal.NewProfileExtensionConnection.start(NewProfileExtensionConnection.java:113)
... 27 more
]]>
    </error>
  </testcase> <!-- setUp -->
</testsuite> <!-- com.w2a.testcase.LoginTest -->
