<?xml version="1.0" encoding="UTF-8"?>
<!-- Generated by org.testng.reporters.JUnitReportReporter -->
<testsuite skipped="0" hostname="DESKTOP-HKCMOO2" name="com.w2a.testcase.FrontDesk" tests="2" failures="0" timestamp="05 Jun 2019 10:56:14 GMT" time="7.348" errors="0">
  <testcase name="validkLogin" time="4.900" classname="com.w2a.testcase.FrontDesk"/>
  <testcase name="InvalidLogin" time="2.448" classname="com.w2a.testcase.FrontDesk"/>
</testsuite> <!-- com.w2a.testcase.FrontDesk -->
