<?xml version="1.0" encoding="UTF-8"?>
<!-- Generated by org.testng.reporters.JUnitReportReporter -->
<testsuite skipped="0" hostname="DESKTOP-FRMF5RB" name="com.w2a.testcase.FrontDesk" tests="2" failures="0" timestamp="16 Apr 2019 10:40:36 GMT" time="10.867" errors="0">
  <testcase name="validkLogin" time="8.467" classname="com.w2a.testcase.FrontDesk"/>
  <testcase name="InvalidLogin" time="2.400" classname="com.w2a.testcase.FrontDesk"/>
</testsuite> <!-- com.w2a.testcase.FrontDesk -->
